<?xml version="1.0" encoding="UTF-8"?>
<!-- Generated by org.testng.reporters.JUnitReportReporter -->
<testsuite hostname="DESKTOP-8S6QOCR" failures="0" tests="3" name="baseBestBuy.TC_01_URLLinkHomepageBestBuy" time="43.081" errors="0" timestamp="2024-06-06T00:20:49 IST" skipped="0">
  <testcase classname="baseBestBuy.TC_01_URLLinkHomepageBestBuy" name="verifyingUrl" time="16.280"/>
  <system-out/>
  <testcase classname="baseBestBuy.TC_01_URLLinkHomepageBestBuy" name="testHomepage" time="5.692"/>
  <system-out/>
  <testcase classname="baseBestBuy.TC_01_URLLinkHomepageBestBuy" name="selectLocation" time="21.109"/>
  <system-out/>
</testsuite> <!-- baseBestBuy.TC_01_URLLinkHomepageBestBuy -->
