<?xml version="1.0" encoding="UTF-8"?>
<!-- Generated by org.testng.reporters.JUnitReportReporter -->
<testsuite hostname="DESKTOP-8S6QOCR" failures="0" tests="1" name="baseBestBuy.TC_02_SignUpTest" time="25.014" errors="0" timestamp="2024-06-07T09:27:03 IST" skipped="0">
  <testcase classname="baseBestBuy.TC_02_SignUpTest" name="signupTest" time="25.014"/>
  <system-out/>
</testsuite> <!-- baseBestBuy.TC_02_SignUpTest -->
