<?xml version="1.0" encoding="UTF-8"?>
<!-- Generated by org.testng.reporters.JUnitReportReporter -->
<testsuite hostname="DESKTOP-8S6QOCR" failures="0" tests="1" name="baseBestBuy.TC_07_AddItemDeptTest" time="27.483" errors="0" timestamp="2024-06-07T09:27:03 IST" skipped="0">
  <testcase classname="baseBestBuy.TC_07_AddItemDeptTest" name="addItemShopByDep" time="27.483"/>
  <system-out/>
</testsuite> <!-- baseBestBuy.TC_07_AddItemDeptTest -->
