<?xml version="1.0" encoding="UTF-8"?>
<!-- Generated by org.testng.reporters.JUnitReportReporter -->
<testsuite hostname="DESKTOP-8S6QOCR" failures="0" tests="3" name="baseBestBuy.TC_01_URLLinkHomepageBestBuy" time="42.822" errors="0" timestamp="2024-06-06T15:15:01 IST" skipped="0">
  <testcase classname="baseBestBuy.TC_01_URLLinkHomepageBestBuy" name="verifyingUrl" time="20.299"/>
  <system-out/>
  <testcase classname="baseBestBuy.TC_01_URLLinkHomepageBestBuy" name="testHomepage" time="6.492"/>
  <system-out/>
  <testcase classname="baseBestBuy.TC_01_URLLinkHomepageBestBuy" name="selectLocation" time="16.031"/>
  <system-out/>
</testsuite> <!-- baseBestBuy.TC_01_URLLinkHomepageBestBuy -->
