<?xml version="1.0" encoding="UTF-8"?>
<!-- Generated by org.testng.reporters.JUnitReportReporter -->
<testsuite hostname="DESKTOP-8S6QOCR" failures="0" tests="3" name="baseBestBuy.TC_01_URLLinkHomepageBestBuy" time="35.326" errors="0" timestamp="2024-06-07T09:27:03 IST" skipped="0">
  <testcase classname="baseBestBuy.TC_01_URLLinkHomepageBestBuy" name="verifyingUrl" time="15.551"/>
  <system-out/>
  <testcase classname="baseBestBuy.TC_01_URLLinkHomepageBestBuy" name="testHomepage" time="6.171"/>
  <system-out/>
  <testcase classname="baseBestBuy.TC_01_URLLinkHomepageBestBuy" name="selectLocation" time="13.604"/>
  <system-out/>
</testsuite> <!-- baseBestBuy.TC_01_URLLinkHomepageBestBuy -->
