<?xml version="1.0" encoding="UTF-8"?>
<!-- Generated by org.testng.reporters.JUnitReportReporter -->
<testsuite hostname="DESKTOP-8S6QOCR" failures="0" tests="1" name="baseBestBuy.TC_06_SearchAddIteamTestBB" time="37.708" errors="0" timestamp="2024-06-07T09:27:03 IST" skipped="0">
  <testcase classname="baseBestBuy.TC_06_SearchAddIteamTestBB" name="addToCart" time="37.708"/>
  <system-out/>
</testsuite> <!-- baseBestBuy.TC_06_SearchAddIteamTestBB -->
