<?xml version="1.0" encoding="UTF-8"?>
<!-- Generated by org.testng.reporters.JUnitReportReporter -->
<testsuite hostname="DESKTOP-8S6QOCR" failures="0" tests="1" name="baseBestBuy.TC_08_AddItemBrandMenuTest" time="34.720" errors="0" timestamp="2024-06-05T17:02:51 IST" skipped="0">
  <testcase classname="baseBestBuy.TC_08_AddItemBrandMenuTest" name="addItemFromBrands" time="34.720"/>
  <system-out/>
</testsuite> <!-- baseBestBuy.TC_08_AddItemBrandMenuTest -->
