<?xml version="1.0" encoding="UTF-8"?>
<!-- Generated by org.testng.reporters.JUnitReportReporter -->
<testsuite hostname="DESKTOP-8S6QOCR" failures="0" tests="1" name="baseBestBuy.SignUpTest" time="23.813" errors="0" timestamp="2024-06-05T15:29:07 IST" skipped="0">
  <testcase classname="baseBestBuy.SignUpTest" name="signupTest" time="23.813"/>
  <system-out/>
</testsuite> <!-- baseBestBuy.SignUpTest -->
