<?xml version="1.0" encoding="UTF-8"?>
<!-- Generated by org.testng.reporters.JUnitReportReporter -->
<testsuite hostname="DESKTOP-8S6QOCR" failures="0" tests="1" name="baseBestBuy.TC_04_BottomLinksTestBB" time="21.181" errors="0" timestamp="2024-06-05T17:02:51 IST" skipped="0">
  <testcase classname="baseBestBuy.TC_04_BottomLinksTestBB" name="toVerifyBottomLinks" time="21.181"/>
  <system-out/>
</testsuite> <!-- baseBestBuy.TC_04_BottomLinksTestBB -->
