<?xml version="1.0" encoding="UTF-8"?>
<!-- Generated by org.testng.reporters.JUnitReportReporter -->
<testsuite hostname="DESKTOP-8S6QOCR" failures="0" tests="1" name="baseBestBuy.TC_09_CheckOutPageTest" time="84.239" errors="0" timestamp="2024-06-06T00:47:19 IST" skipped="0">
  <testcase classname="baseBestBuy.TC_09_CheckOutPageTest" name="checkoutPage" time="84.239"/>
  <system-out/>
</testsuite> <!-- baseBestBuy.TC_09_CheckOutPageTest -->
