<?xml version="1.0" encoding="UTF-8"?>
<!-- Generated by org.testng.reporters.JUnitReportReporter -->
<testsuite hostname="DESKTOP-8S6QOCR" failures="0" tests="2" name="baseBestBuy.TestCasesBestBuy" time="11.051" errors="0" timestamp="2024-05-29T08:46:43 IST" skipped="0">
  <testcase classname="baseBestBuy.TestCasesBestBuy" name="testHomepage" time="0.252"/>
  <system-out/>
  <testcase classname="baseBestBuy.TestCasesBestBuy" name="selectLocation" time="10.799"/>
  <system-out/>
</testsuite> <!-- baseBestBuy.TestCasesBestBuy -->
