<?xml version="1.0" encoding="UTF-8"?>
<!-- Generated by org.testng.reporters.JUnitReportReporter -->
<testsuite hostname="DESKTOP-8S6QOCR" failures="0" tests="1" name="baseBestBuy.TC_09_CheckOutPageTest" time="85.136" errors="0" timestamp="2024-06-06T23:00:49 IST" skipped="0">
  <testcase classname="baseBestBuy.TC_09_CheckOutPageTest" name="checkoutPage" time="85.136"/>
  <system-out/>
</testsuite> <!-- baseBestBuy.TC_09_CheckOutPageTest -->
