<?xml version="1.0" encoding="UTF-8"?>
<!-- Generated by org.testng.reporters.JUnitReportReporter -->
<testsuite hostname="DESKTOP-8S6QOCR" failures="0" tests="1" name="baseBestBuy.TC_06_SearchAddIteamTestBB" time="34.076" errors="0" timestamp="2024-06-06T00:42:29 IST" skipped="0">
  <testcase classname="baseBestBuy.TC_06_SearchAddIteamTestBB" name="addToCart" time="34.076"/>
  <system-out/>
</testsuite> <!-- baseBestBuy.TC_06_SearchAddIteamTestBB -->
