<?xml version="1.0" encoding="UTF-8"?>
<!-- Generated by org.testng.reporters.JUnitReportReporter -->
<testsuite hostname="DESKTOP-8S6QOCR" failures="0" tests="1" name="baseBestBuy.TC_03_LoginTestcases" time="23.467" errors="0" timestamp="2024-06-07T09:27:03 IST" skipped="0">
  <testcase classname="baseBestBuy.TC_03_LoginTestcases" name="loginTest" time="23.467"/>
  <system-out/>
</testsuite> <!-- baseBestBuy.TC_03_LoginTestcases -->
