<?xml version="1.0" encoding="UTF-8"?>
<!-- Generated by org.testng.reporters.JUnitReportReporter -->
<testsuite hostname="DESKTOP-8S6QOCR" failures="0" tests="1" name="baseBestBuy.TC_06_SearchAddIteamTestBB" time="35.662" errors="0" timestamp="2024-06-05T17:43:53 IST" skipped="0">
  <testcase classname="baseBestBuy.TC_06_SearchAddIteamTestBB" name="addToCart" time="35.662"/>
  <system-out/>
</testsuite> <!-- baseBestBuy.TC_06_SearchAddIteamTestBB -->
