<?xml version="1.0" encoding="UTF-8"?>
<!-- Generated by org.testng.reporters.JUnitReportReporter -->
<testsuite hostname="DESKTOP-8S6QOCR" failures="0" tests="1" name="baseBestBuy.AddItemBrandMenuTest" time="37.854" errors="0" timestamp="2024-06-05T15:34:33 IST" skipped="0">
  <testcase classname="baseBestBuy.AddItemBrandMenuTest" name="addItemFromBrands" time="37.854"/>
  <system-out/>
</testsuite> <!-- baseBestBuy.AddItemBrandMenuTest -->
