<?xml version="1.0" encoding="UTF-8"?>
<!-- Generated by org.testng.reporters.JUnitReportReporter -->
<testsuite hostname="DESKTOP-8S6QOCR" failures="0" tests="1" name="baseBestBuy.TC_05_TestNavigationOfAllMenu" time="78.510" errors="0" timestamp="2024-06-06T22:54:45 IST" skipped="0">
  <testcase classname="baseBestBuy.TC_05_TestNavigationOfAllMenu" name="testNavigationAllMenuTitle" time="78.510"/>
  <system-out/>
</testsuite> <!-- baseBestBuy.TC_05_TestNavigationOfAllMenu -->
