<?xml version="1.0" encoding="UTF-8"?>
<!-- Generated by org.testng.reporters.JUnitReportReporter -->
<testsuite hostname="DESKTOP-8S6QOCR" failures="0" tests="1" name="baseBestBuy.AddItemDeptTest" time="32.669" errors="0" timestamp="2024-06-05T15:36:42 IST" skipped="0">
  <testcase classname="baseBestBuy.AddItemDeptTest" name="addItemShopByDep" time="32.669"/>
  <system-out/>
</testsuite> <!-- baseBestBuy.AddItemDeptTest -->
