<?xml version="1.0" encoding="UTF-8"?>
<!-- Generated by org.testng.reporters.JUnitReportReporter -->
<testsuite hostname="DESKTOP-8S6QOCR" failures="0" tests="1" name="baseBestBuy.BaseClassBB" time="0.020" errors="0" timestamp="2024-05-28T12:10:40 IST" skipped="0">
  <testcase classname="baseBestBuy.BaseClassBB" name="f" time="0.020"/>
  <system-out/>
</testsuite> <!-- baseBestBuy.BaseClassBB -->
