<?xml version="1.0" encoding="UTF-8"?>
<!-- Generated by org.testng.reporters.JUnitReportReporter -->
<testsuite hostname="DESKTOP-8S6QOCR" failures="0" tests="1" name="baseBestBuy.CheckOutPageTest" time="79.543" errors="0" timestamp="2024-06-05T15:29:07 IST" skipped="0">
  <testcase classname="baseBestBuy.CheckOutPageTest" name="checkoutPage" time="79.543"/>
  <system-out/>
</testsuite> <!-- baseBestBuy.CheckOutPageTest -->
