<?xml version="1.0" encoding="UTF-8"?>
<!-- Generated by org.testng.reporters.JUnitReportReporter -->
<testsuite hostname="DESKTOP-8S6QOCR" failures="0" tests="1" name="baseBestBuy.TC_03_LoginTestcases" time="66.764" errors="0" timestamp="2024-06-07T17:31:28 IST" skipped="0">
  <testcase classname="baseBestBuy.TC_03_LoginTestcases" name="loginTest" time="66.764"/>
  <system-out/>
</testsuite> <!-- baseBestBuy.TC_03_LoginTestcases -->
