<?xml version="1.0" encoding="UTF-8"?>
<!-- Generated by org.testng.reporters.JUnitReportReporter -->
<testsuite hostname="DESKTOP-8S6QOCR" failures="0" tests="3" name="baseBestBuy.TC_01_URLLinkHomepageBestBuy" time="43.511" errors="0" timestamp="2024-06-07T17:31:28 IST" skipped="0">
  <testcase classname="baseBestBuy.TC_01_URLLinkHomepageBestBuy" name="verifyingUrl" time="17.506"/>
  <system-out/>
  <testcase classname="baseBestBuy.TC_01_URLLinkHomepageBestBuy" name="testHomepage" time="6.469"/>
  <system-out/>
  <testcase classname="baseBestBuy.TC_01_URLLinkHomepageBestBuy" name="selectLocation" time="19.536"/>
  <system-out/>
</testsuite> <!-- baseBestBuy.TC_01_URLLinkHomepageBestBuy -->
