<?xml version="1.0" encoding="UTF-8"?>
<!-- Generated by org.testng.reporters.JUnitReportReporter -->
<testsuite hostname="DESKTOP-8S6QOCR" failures="0" tests="3" name="baseBestBuy.TC_01_URLLinkHomepageBestBuy" time="38.440" errors="0" timestamp="2024-06-06T22:32:44 IST" skipped="0">
  <testcase classname="baseBestBuy.TC_01_URLLinkHomepageBestBuy" name="verifyingUrl" time="17.028"/>
  <system-out/>
  <testcase classname="baseBestBuy.TC_01_URLLinkHomepageBestBuy" name="testHomepage" time="7.039"/>
  <system-out/>
  <testcase classname="baseBestBuy.TC_01_URLLinkHomepageBestBuy" name="selectLocation" time="14.373"/>
  <system-out/>
</testsuite> <!-- baseBestBuy.TC_01_URLLinkHomepageBestBuy -->
